#
# There is insufficient memory for the Java Runtime Environment to continue.
# Native memory allocation (mmap) failed to map 65536 bytes for Failed to commit metaspace.
# Possible reasons:
#   The system is out of physical RAM or swap space
#   The process is running with CompressedOops enabled, and the Java Heap may be blocking the growth of the native heap
# Possible solutions:
#   Reduce memory load on the system
#   Increase physical memory or swap space
#   Check if swap backing store is full
#   Decrease Java heap size (-Xmx/-Xms)
#   Decrease number of Java threads
#   Decrease Java thread stack sizes (-Xss)
#   Set larger code cache with -XX:ReservedCodeCacheSize=
#   JVM is running with Unscaled Compressed Oops mode in which the Java heap is
#     placed in the first 4GB address space. The Java Heap base address is the
#     maximum limit for the native heap growth. Please use -XX:HeapBaseMinAddress
#     to set the Java Heap base and to place the Java Heap above 4GB virtual address.
# This output file may be truncated or incomplete.
#
#  Out of Memory Error (virtualSpaceNode.cpp:108), pid=15620, tid=18216
#
# JRE version: Java(TM) SE Runtime Environment (16.0+36) (build 16+36-2231)
# Java VM: Java HotSpot(TM) 64-Bit Server VM (16+36-2231, mixed mode, tiered, compressed oops, g1 gc, windows-amd64)
# No core dump will be written. Minidumps are not enabled by default on client versions of Windows
#

---------------  S U M M A R Y ------------

Command Line: -Dfile.encoding=Cp1252 -XX:+ShowCodeDetailsInExceptionMessages MainElasticJava

Host: AMD Ryzen 3 3300U with Radeon Vega Mobile Gfx  , 4 cores, 5G,  Windows 10 , 64 bit Build 19041 (10.0.19041.1023)
Time: Wed Jun 23 23:24:42 2021 India Standard Time elapsed time: 0.463201 seconds (0d 0h 0m 0s)

---------------  T H R E A D  ---------------

Current thread (0x0000020bdc0d28f0):  JavaThread "main" [_thread_in_vm, id=18216, stack(0x0000002270800000,0x0000002270900000)]

Stack: [0x0000002270800000,0x0000002270900000]
Native frames: (J=compiled Java code, j=interpreted, Vv=VM code, C=native code)
V  [jvm.dll+0x6681da]
V  [jvm.dll+0x7c9d99]
V  [jvm.dll+0x7cb4d3]
V  [jvm.dll+0x7cbb33]
V  [jvm.dll+0x242ee5]
V  [jvm.dll+0x7c642b]
V  [jvm.dll+0x60de46]
V  [jvm.dll+0x60deaa]
V  [jvm.dll+0x6104da]
V  [jvm.dll+0x60e741]
V  [jvm.dll+0x24094c]
V  [jvm.dll+0x6bf01d]
V  [jvm.dll+0x6bfa3f]
V  [jvm.dll+0x3670e3]
V  [jvm.dll+0x366312]
V  [jvm.dll+0x3662b8]
V  [jvm.dll+0x37561d]
C  0x0000020be4ffc224

Java frames: (J=compiled Java code, j=interpreted, Vv=VM code)
j  jdk.internal.reflect.ReflectionFactory.newMethodAccessor(Ljava/lang/reflect/Method;)Ljdk/internal/reflect/MethodAccessor;+102 java.base@16
j  java.lang.reflect.Method.acquireMethodAccessor()Ljdk/internal/reflect/MethodAccessor;+33 java.base@16
j  java.lang.reflect.Method.invoke(Ljava/lang/Object;[Ljava/lang/Object;)Ljava/lang/Object;+52 java.base@16
j  java.lang.Class.getEnumConstantsShared()[Ljava/lang/Object;+49 java.base@16
j  java.lang.Class.enumConstantDirectory()Ljava/util/Map;+10 java.base@16
j  java.lang.Enum.valueOf(Ljava/lang/Class;Ljava/lang/String;)Ljava/lang/Enum;+1 java.base@16
j  sun.reflect.annotation.AnnotationParser.parseEnumValue(Ljava/lang/Class;Ljava/nio/ByteBuffer;Ljdk/internal/reflect/ConstantPool;Ljava/lang/Class;)Ljava/lang/Object;+138 java.base@16
j  sun.reflect.annotation.AnnotationParser.parseMemberValue(Ljava/lang/Class;Ljava/nio/ByteBuffer;Ljdk/internal/reflect/ConstantPool;Ljava/lang/Class;)Ljava/lang/Object;+56 java.base@16
j  sun.reflect.annotation.AnnotationParser.parseAnnotation2(Ljava/nio/ByteBuffer;Ljdk/internal/reflect/ConstantPool;Ljava/lang/Class;Z[Ljava/lang/Class;)Ljava/lang/annotation/Annotation;+221 java.base@16
j  sun.reflect.annotation.AnnotationParser.parseAnnotations2([BLjdk/internal/reflect/ConstantPool;Ljava/lang/Class;[Ljava/lang/Class;)Ljava/util/Map;+41 java.base@16
j  sun.reflect.annotation.AnnotationParser.parseSelectAnnotations([BLjdk/internal/reflect/ConstantPool;Ljava/lang/Class;[Ljava/lang/Class;)Ljava/util/Map;+12 java.base@16
j  sun.reflect.annotation.AnnotationType.<init>(Ljava/lang/Class;)V+291 java.base@16
j  sun.reflect.annotation.AnnotationType.getInstance(Ljava/lang/Class;)Lsun/reflect/annotation/AnnotationType;+21 java.base@16
j  sun.reflect.annotation.AnnotationParser.parseAnnotation2(Ljava/nio/ByteBuffer;Ljdk/internal/reflect/ConstantPool;Ljava/lang/Class;Z[Ljava/lang/Class;)Ljava/lang/annotation/Annotation;+116 java.base@16
j  sun.reflect.annotation.AnnotationParser.parseAnnotations2([BLjdk/internal/reflect/ConstantPool;Ljava/lang/Class;[Ljava/lang/Class;)Ljava/util/Map;+41 java.base@16
j  sun.reflect.annotation.AnnotationParser.parseAnnotations([BLjdk/internal/reflect/ConstantPool;Ljava/lang/Class;)Ljava/util/Map;+12 java.base@16
j  java.lang.reflect.Executable.declaredAnnotations()Ljava/util/Map;+62 java.base@16
j  java.lang.reflect.Executable.declaredAnnotations()Ljava/util/Map;+35 java.base@16
j  java.lang.reflect.Executable.getAnnotation(Ljava/lang/Class;)Ljava/lang/annotation/Annotation;+7 java.base@16
j  java.lang.reflect.Method.getAnnotation(Ljava/lang/Class;)Ljava/lang/annotation/Annotation;+2 java.base@16
j  java.lang.reflect.AnnotatedElement.isAnnotationPresent(Ljava/lang/Class;)Z+2 java.base@16
j  java.lang.reflect.AccessibleObject.isAnnotationPresent(Ljava/lang/Class;)Z+2 java.base@16
j  jdk.internal.reflect.Reflection.isCallerSensitive(Ljava/lang/reflect/Method;)Z+18 java.base@16
j  jdk.internal.reflect.ReflectionFactory.newMethodAccessor(Ljava/lang/reflect/Method;)Ljdk/internal/reflect/MethodAccessor;+4 java.base@16
j  java.lang.reflect.Method.acquireMethodAccessor()Ljdk/internal/reflect/MethodAccessor;+33 java.base@16
j  java.lang.reflect.Method.invoke(Ljava/lang/Object;[Ljava/lang/Object;)Ljava/lang/Object;+52 java.base@16
j  org.apache.commons.logging.LogFactory.directGetContextClassLoader()Ljava/lang/ClassLoader;+41
j  org.apache.commons.logging.LogFactory$1.run()Ljava/lang/Object;+0
j  java.security.AccessController.executePrivileged(Ljava/security/PrivilegedAction;Ljava/security/AccessControlContext;Ljava/lang/Class;)Ljava/lang/Object;+29 java.base@16
j  java.security.AccessController.doPrivileged(Ljava/security/PrivilegedAction;)Ljava/lang/Object;+5 java.base@16
j  org.apache.commons.logging.LogFactory.getContextClassLoaderInternal()Ljava/lang/ClassLoader;+7
j  org.apache.commons.logging.LogFactory.getFactory()Lorg/apache/commons/logging/LogFactory;+0
j  org.apache.commons.logging.LogFactory.getLog(Ljava/lang/Class;)Lorg/apache/commons/logging/Log;+0
j  org.elasticsearch.client.RestClient.<clinit>()V+2
v  ~StubRoutines::call_stub
j  MainElasticJava.main([Ljava/lang/String;)V+25
v  ~StubRoutines::call_stub

---------------  P R O C E S S  ---------------

Threads class SMR info:
_java_thread_list=0x0000020b80a9e1a0, length=12, elements={
0x0000020bdc0d28f0, 0x0000020bfa4cb420, 0x0000020bfa4ac7c0, 0x0000020bfa4f7df0,
0x0000020bfa4f8700, 0x0000020b80917040, 0x0000020b8091bd90, 0x0000020b8091d170,
0x0000020b80920360, 0x0000020bfa4fd750, 0x0000020b80a8df80, 0x0000020b80aa76a0
}

Java Threads: ( => current thread )
=>0x0000020bdc0d28f0 JavaThread "main" [_thread_in_vm, id=18216, stack(0x0000002270800000,0x0000002270900000)]
  0x0000020bfa4cb420 JavaThread "Reference Handler" daemon [_thread_blocked, id=17240, stack(0x0000002270f00000,0x0000002271000000)]
  0x0000020bfa4ac7c0 JavaThread "Finalizer" daemon [_thread_blocked, id=15420, stack(0x0000002271000000,0x0000002271100000)]
  0x0000020bfa4f7df0 JavaThread "Signal Dispatcher" daemon [_thread_blocked, id=17664, stack(0x0000002271100000,0x0000002271200000)]
  0x0000020bfa4f8700 JavaThread "Attach Listener" daemon [_thread_blocked, id=19360, stack(0x0000002271200000,0x0000002271300000)]
  0x0000020b80917040 JavaThread "Service Thread" daemon [_thread_blocked, id=9704, stack(0x0000002271300000,0x0000002271400000)]
  0x0000020b8091bd90 JavaThread "Monitor Deflation Thread" daemon [_thread_blocked, id=18408, stack(0x0000002271400000,0x0000002271500000)]
  0x0000020b8091d170 JavaThread "C2 CompilerThread0" daemon [_thread_blocked, id=9724, stack(0x0000002271500000,0x0000002271600000)]
  0x0000020b80920360 JavaThread "C1 CompilerThread0" daemon [_thread_blocked, id=12200, stack(0x0000002271600000,0x0000002271700000)]
  0x0000020bfa4fd750 JavaThread "Sweeper thread" daemon [_thread_blocked, id=12044, stack(0x0000002271700000,0x0000002271800000)]
  0x0000020b80a8df80 JavaThread "Notification Thread" daemon [_thread_blocked, id=5384, stack(0x0000002271800000,0x0000002271900000)]
  0x0000020b80aa76a0 JavaThread "Common-Cleaner" daemon [_thread_blocked, id=17224, stack(0x0000002271a00000,0x0000002271b00000)]

Other Threads:
  0x0000020bfa4a5cc0 VMThread "VM Thread" [stack: 0x0000002270e00000,0x0000002270f00000] [id=18048]
  0x0000020b80a9d8e0 WatcherThread [stack: 0x0000002271900000,0x0000002271a00000] [id=17748]
  0x0000020bdc1087a0 GCTaskThread "GC Thread#0" [stack: 0x0000002270900000,0x0000002270a00000] [id=19096]
  0x0000020bdc115e00 ConcurrentGCThread "G1 Main Marker" [stack: 0x0000002270a00000,0x0000002270b00000] [id=14652]
  0x0000020bdc1168f0 ConcurrentGCThread "G1 Conc#0" [stack: 0x0000002270b00000,0x0000002270c00000] [id=18340]
  0x0000020bdc178c40 ConcurrentGCThread "G1 Refine#0" [stack: 0x0000002270c00000,0x0000002270d00000] [id=12660]
  0x0000020bdc17a6d0 ConcurrentGCThread "G1 Service" [stack: 0x0000002270d00000,0x0000002270e00000] [id=18504]

Threads with active compile tasks:

VM state: not at safepoint (normal execution)

VM Mutex/Monitor currently owned by a thread:  ([mutex/lock_event])
[0x0000020bdc0cc9d0] MetaspaceExpand_lock - owner thread: 0x0000020bdc0d28f0

Heap address: 0x00000000a1400000, size: 1516 MB, Compressed Oops mode: 32-bit
CDS disabled.
Compressed class space mapped at: 0x0000000100000000-0x0000000140000000, reserved size: 1073741824
Narrow klass base: 0x0000000000000000, Narrow klass shift: 3, Narrow klass range: 0x140000000

GC Precious Log:
 CPUs: 4 total, 4 available
 Memory: 6058M
 Large Page Support: Disabled
 NUMA Support: Disabled
 Compressed Oops: Enabled (32-bit)
 Heap Region Size: 1M
 Heap Min Capacity: 8M
 Heap Initial Capacity: 96M
 Heap Max Capacity: 1516M
 Pre-touch: Disabled
 Parallel Workers: 4
 Concurrent Workers: 1
 Concurrent Refinement Workers: 4
 Periodic GC: Disabled

Heap:
 garbage-first heap   total 98304K, used 5120K [0x00000000a1400000, 0x0000000100000000)
  region size 1024K, 5 young (5120K), 0 survivors (0K)
 Metaspace       used 5705K, committed 5824K, reserved 1056768K
  class space    used 508K, committed 576K, reserved 1048576K

Heap Regions: E=young(eden), S=young(survivor), O=old, HS=humongous(starts), HC=humongous(continues), CS=collection set, F=free, OA=open archive, CA=closed archive, TAMS=top-at-mark-start (previous, next)
|   0|0x00000000a1400000, 0x00000000a1500000, 0x00000000a1500000|100%|HS|  |TAMS 0x00000000a1400000, 0x00000000a1400000| Complete 
|   1|0x00000000a1500000, 0x00000000a1500000, 0x00000000a1600000|  0%| F|  |TAMS 0x00000000a1500000, 0x00000000a1500000| Untracked 
|   2|0x00000000a1600000, 0x00000000a1600000, 0x00000000a1700000|  0%| F|  |TAMS 0x00000000a1600000, 0x00000000a1600000| Untracked 
|   3|0x00000000a1700000, 0x00000000a1700000, 0x00000000a1800000|  0%| F|  |TAMS 0x00000000a1700000, 0x00000000a1700000| Untracked 
|   4|0x00000000a1800000, 0x00000000a1800000, 0x00000000a1900000|  0%| F|  |TAMS 0x00000000a1800000, 0x00000000a1800000| Untracked 
|   5|0x00000000a1900000, 0x00000000a1900000, 0x00000000a1a00000|  0%| F|  |TAMS 0x00000000a1900000, 0x00000000a1900000| Untracked 
|   6|0x00000000a1a00000, 0x00000000a1a00000, 0x00000000a1b00000|  0%| F|  |TAMS 0x00000000a1a00000, 0x00000000a1a00000| Untracked 
|   7|0x00000000a1b00000, 0x00000000a1b00000, 0x00000000a1c00000|  0%| F|  |TAMS 0x00000000a1b00000, 0x00000000a1b00000| Untracked 
|   8|0x00000000a1c00000, 0x00000000a1c00000, 0x00000000a1d00000|  0%| F|  |TAMS 0x00000000a1c00000, 0x00000000a1c00000| Untracked 
|   9|0x00000000a1d00000, 0x00000000a1d00000, 0x00000000a1e00000|  0%| F|  |TAMS 0x00000000a1d00000, 0x00000000a1d00000| Untracked 
|  10|0x00000000a1e00000, 0x00000000a1e00000, 0x00000000a1f00000|  0%| F|  |TAMS 0x00000000a1e00000, 0x00000000a1e00000| Untracked 
|  11|0x00000000a1f00000, 0x00000000a1f00000, 0x00000000a2000000|  0%| F|  |TAMS 0x00000000a1f00000, 0x00000000a1f00000| Untracked 
|  12|0x00000000a2000000, 0x00000000a2000000, 0x00000000a2100000|  0%| F|  |TAMS 0x00000000a2000000, 0x00000000a2000000| Untracked 
|  13|0x00000000a2100000, 0x00000000a2100000, 0x00000000a2200000|  0%| F|  |TAMS 0x00000000a2100000, 0x00000000a2100000| Untracked 
|  14|0x00000000a2200000, 0x00000000a2200000, 0x00000000a2300000|  0%| F|  |TAMS 0x00000000a2200000, 0x00000000a2200000| Untracked 
|  15|0x00000000a2300000, 0x00000000a2300000, 0x00000000a2400000|  0%| F|  |TAMS 0x00000000a2300000, 0x00000000a2300000| Untracked 
|  16|0x00000000a2400000, 0x00000000a2400000, 0x00000000a2500000|  0%| F|  |TAMS 0x00000000a2400000, 0x00000000a2400000| Untracked 
|  17|0x00000000a2500000, 0x00000000a2500000, 0x00000000a2600000|  0%| F|  |TAMS 0x00000000a2500000, 0x00000000a2500000| Untracked 
|  18|0x00000000a2600000, 0x00000000a2600000, 0x00000000a2700000|  0%| F|  |TAMS 0x00000000a2600000, 0x00000000a2600000| Untracked 
|  19|0x00000000a2700000, 0x00000000a2700000, 0x00000000a2800000|  0%| F|  |TAMS 0x00000000a2700000, 0x00000000a2700000| Untracked 
|  20|0x00000000a2800000, 0x00000000a2800000, 0x00000000a2900000|  0%| F|  |TAMS 0x00000000a2800000, 0x00000000a2800000| Untracked 
|  21|0x00000000a2900000, 0x00000000a2900000, 0x00000000a2a00000|  0%| F|  |TAMS 0x00000000a2900000, 0x00000000a2900000| Untracked 
|  22|0x00000000a2a00000, 0x00000000a2a00000, 0x00000000a2b00000|  0%| F|  |TAMS 0x00000000a2a00000, 0x00000000a2a00000| Untracked 
|  23|0x00000000a2b00000, 0x00000000a2b00000, 0x00000000a2c00000|  0%| F|  |TAMS 0x00000000a2b00000, 0x00000000a2b00000| Untracked 
|  24|0x00000000a2c00000, 0x00000000a2c00000, 0x00000000a2d00000|  0%| F|  |TAMS 0x00000000a2c00000, 0x00000000a2c00000| Untracked 
|  25|0x00000000a2d00000, 0x00000000a2d00000, 0x00000000a2e00000|  0%| F|  |TAMS 0x00000000a2d00000, 0x00000000a2d00000| Untracked 
|  26|0x00000000a2e00000, 0x00000000a2e00000, 0x00000000a2f00000|  0%| F|  |TAMS 0x00000000a2e00000, 0x00000000a2e00000| Untracked 
|  27|0x00000000a2f00000, 0x00000000a2f00000, 0x00000000a3000000|  0%| F|  |TAMS 0x00000000a2f00000, 0x00000000a2f00000| Untracked 
|  28|0x00000000a3000000, 0x00000000a3000000, 0x00000000a3100000|  0%| F|  |TAMS 0x00000000a3000000, 0x00000000a3000000| Untracked 
|  29|0x00000000a3100000, 0x00000000a3100000, 0x00000000a3200000|  0%| F|  |TAMS 0x00000000a3100000, 0x00000000a3100000| Untracked 
|  30|0x00000000a3200000, 0x00000000a3200000, 0x00000000a3300000|  0%| F|  |TAMS 0x00000000a3200000, 0x00000000a3200000| Untracked 
|  31|0x00000000a3300000, 0x00000000a3300000, 0x00000000a3400000|  0%| F|  |TAMS 0x00000000a3300000, 0x00000000a3300000| Untracked 
|  32|0x00000000a3400000, 0x00000000a3400000, 0x00000000a3500000|  0%| F|  |TAMS 0x00000000a3400000, 0x00000000a3400000| Untracked 
|  33|0x00000000a3500000, 0x00000000a3500000, 0x00000000a3600000|  0%| F|  |TAMS 0x00000000a3500000, 0x00000000a3500000| Untracked 
|  34|0x00000000a3600000, 0x00000000a3600000, 0x00000000a3700000|  0%| F|  |TAMS 0x00000000a3600000, 0x00000000a3600000| Untracked 
|  35|0x00000000a3700000, 0x00000000a3700000, 0x00000000a3800000|  0%| F|  |TAMS 0x00000000a3700000, 0x00000000a3700000| Untracked 
|  36|0x00000000a3800000, 0x00000000a3800000, 0x00000000a3900000|  0%| F|  |TAMS 0x00000000a3800000, 0x00000000a3800000| Untracked 
|  37|0x00000000a3900000, 0x00000000a3900000, 0x00000000a3a00000|  0%| F|  |TAMS 0x00000000a3900000, 0x00000000a3900000| Untracked 
|  38|0x00000000a3a00000, 0x00000000a3a00000, 0x00000000a3b00000|  0%| F|  |TAMS 0x00000000a3a00000, 0x00000000a3a00000| Untracked 
|  39|0x00000000a3b00000, 0x00000000a3b00000, 0x00000000a3c00000|  0%| F|  |TAMS 0x00000000a3b00000, 0x00000000a3b00000| Untracked 
|  40|0x00000000a3c00000, 0x00000000a3c00000, 0x00000000a3d00000|  0%| F|  |TAMS 0x00000000a3c00000, 0x00000000a3c00000| Untracked 
|  41|0x00000000a3d00000, 0x00000000a3d00000, 0x00000000a3e00000|  0%| F|  |TAMS 0x00000000a3d00000, 0x00000000a3d00000| Untracked 
|  42|0x00000000a3e00000, 0x00000000a3e00000, 0x00000000a3f00000|  0%| F|  |TAMS 0x00000000a3e00000, 0x00000000a3e00000| Untracked 
|  43|0x00000000a3f00000, 0x00000000a3f00000, 0x00000000a4000000|  0%| F|  |TAMS 0x00000000a3f00000, 0x00000000a3f00000| Untracked 
|  44|0x00000000a4000000, 0x00000000a4000000, 0x00000000a4100000|  0%| F|  |TAMS 0x00000000a4000000, 0x00000000a4000000| Untracked 
|  45|0x00000000a4100000, 0x00000000a4100000, 0x00000000a4200000|  0%| F|  |TAMS 0x00000000a4100000, 0x00000000a4100000| Untracked 
|  46|0x00000000a4200000, 0x00000000a4200000, 0x00000000a4300000|  0%| F|  |TAMS 0x00000000a4200000, 0x00000000a4200000| Untracked 
|  47|0x00000000a4300000, 0x00000000a4300000, 0x00000000a4400000|  0%| F|  |TAMS 0x00000000a4300000, 0x00000000a4300000| Untracked 
|  48|0x00000000a4400000, 0x00000000a4400000, 0x00000000a4500000|  0%| F|  |TAMS 0x00000000a4400000, 0x00000000a4400000| Untracked 
|  49|0x00000000a4500000, 0x00000000a4500000, 0x00000000a4600000|  0%| F|  |TAMS 0x00000000a4500000, 0x00000000a4500000| Untracked 
|  50|0x00000000a4600000, 0x00000000a4600000, 0x00000000a4700000|  0%| F|  |TAMS 0x00000000a4600000, 0x00000000a4600000| Untracked 
|  51|0x00000000a4700000, 0x00000000a4700000, 0x00000000a4800000|  0%| F|  |TAMS 0x00000000a4700000, 0x00000000a4700000| Untracked 
|  52|0x00000000a4800000, 0x00000000a4800000, 0x00000000a4900000|  0%| F|  |TAMS 0x00000000a4800000, 0x00000000a4800000| Untracked 
|  53|0x00000000a4900000, 0x00000000a4900000, 0x00000000a4a00000|  0%| F|  |TAMS 0x00000000a4900000, 0x00000000a4900000| Untracked 
|  54|0x00000000a4a00000, 0x00000000a4a00000, 0x00000000a4b00000|  0%| F|  |TAMS 0x00000000a4a00000, 0x00000000a4a00000| Untracked 
|  55|0x00000000a4b00000, 0x00000000a4b00000, 0x00000000a4c00000|  0%| F|  |TAMS 0x00000000a4b00000, 0x00000000a4b00000| Untracked 
|  56|0x00000000a4c00000, 0x00000000a4c00000, 0x00000000a4d00000|  0%| F|  |TAMS 0x00000000a4c00000, 0x00000000a4c00000| Untracked 
|  57|0x00000000a4d00000, 0x00000000a4d00000, 0x00000000a4e00000|  0%| F|  |TAMS 0x00000000a4d00000, 0x00000000a4d00000| Untracked 
|  58|0x00000000a4e00000, 0x00000000a4e00000, 0x00000000a4f00000|  0%| F|  |TAMS 0x00000000a4e00000, 0x00000000a4e00000| Untracked 
|  59|0x00000000a4f00000, 0x00000000a4f00000, 0x00000000a5000000|  0%| F|  |TAMS 0x00000000a4f00000, 0x00000000a4f00000| Untracked 
|  60|0x00000000a5000000, 0x00000000a5000000, 0x00000000a5100000|  0%| F|  |TAMS 0x00000000a5000000, 0x00000000a5000000| Untracked 
|  61|0x00000000a5100000, 0x00000000a5100000, 0x00000000a5200000|  0%| F|  |TAMS 0x00000000a5100000, 0x00000000a5100000| Untracked 
|  62|0x00000000a5200000, 0x00000000a5200000, 0x00000000a5300000|  0%| F|  |TAMS 0x00000000a5200000, 0x00000000a5200000| Untracked 
|  63|0x00000000a5300000, 0x00000000a5300000, 0x00000000a5400000|  0%| F|  |TAMS 0x00000000a5300000, 0x00000000a5300000| Untracked 
|  64|0x00000000a5400000, 0x00000000a5400000, 0x00000000a5500000|  0%| F|  |TAMS 0x00000000a5400000, 0x00000000a5400000| Untracked 
|  65|0x00000000a5500000, 0x00000000a5500000, 0x00000000a5600000|  0%| F|  |TAMS 0x00000000a5500000, 0x00000000a5500000| Untracked 
|  66|0x00000000a5600000, 0x00000000a5600000, 0x00000000a5700000|  0%| F|  |TAMS 0x00000000a5600000, 0x00000000a5600000| Untracked 
|  67|0x00000000a5700000, 0x00000000a5700000, 0x00000000a5800000|  0%| F|  |TAMS 0x00000000a5700000, 0x00000000a5700000| Untracked 
|  68|0x00000000a5800000, 0x00000000a5800000, 0x00000000a5900000|  0%| F|  |TAMS 0x00000000a5800000, 0x00000000a5800000| Untracked 
|  69|0x00000000a5900000, 0x00000000a5900000, 0x00000000a5a00000|  0%| F|  |TAMS 0x00000000a5900000, 0x00000000a5900000| Untracked 
|  70|0x00000000a5a00000, 0x00000000a5a00000, 0x00000000a5b00000|  0%| F|  |TAMS 0x00000000a5a00000, 0x00000000a5a00000| Untracked 
|  71|0x00000000a5b00000, 0x00000000a5b00000, 0x00000000a5c00000|  0%| F|  |TAMS 0x00000000a5b00000, 0x00000000a5b00000| Untracked 
|  72|0x00000000a5c00000, 0x00000000a5c00000, 0x00000000a5d00000|  0%| F|  |TAMS 0x00000000a5c00000, 0x00000000a5c00000| Untracked 
|  73|0x00000000a5d00000, 0x00000000a5d00000, 0x00000000a5e00000|  0%| F|  |TAMS 0x00000000a5d00000, 0x00000000a5d00000| Untracked 
|  74|0x00000000a5e00000, 0x00000000a5e00000, 0x00000000a5f00000|  0%| F|  |TAMS 0x00000000a5e00000, 0x00000000a5e00000| Untracked 
|  75|0x00000000a5f00000, 0x00000000a5f00000, 0x00000000a6000000|  0%| F|  |TAMS 0x00000000a5f00000, 0x00000000a5f00000| Untracked 
|  76|0x00000000a6000000, 0x00000000a6000000, 0x00000000a6100000|  0%| F|  |TAMS 0x00000000a6000000, 0x00000000a6000000| Untracked 
|  77|0x00000000a6100000, 0x00000000a6100000, 0x00000000a6200000|  0%| F|  |TAMS 0x00000000a6100000, 0x00000000a6100000| Untracked 
|  78|0x00000000a6200000, 0x00000000a6200000, 0x00000000a6300000|  0%| F|  |TAMS 0x00000000a6200000, 0x00000000a6200000| Untracked 
|  79|0x00000000a6300000, 0x00000000a6300000, 0x00000000a6400000|  0%| F|  |TAMS 0x00000000a6300000, 0x00000000a6300000| Untracked 
|  80|0x00000000a6400000, 0x00000000a6400000, 0x00000000a6500000|  0%| F|  |TAMS 0x00000000a6400000, 0x00000000a6400000| Untracked 
|  81|0x00000000a6500000, 0x00000000a6500000, 0x00000000a6600000|  0%| F|  |TAMS 0x00000000a6500000, 0x00000000a6500000| Untracked 
|  82|0x00000000a6600000, 0x00000000a6600000, 0x00000000a6700000|  0%| F|  |TAMS 0x00000000a6600000, 0x00000000a6600000| Untracked 
|  83|0x00000000a6700000, 0x00000000a6700000, 0x00000000a6800000|  0%| F|  |TAMS 0x00000000a6700000, 0x00000000a6700000| Untracked 
|  84|0x00000000a6800000, 0x00000000a6800000, 0x00000000a6900000|  0%| F|  |TAMS 0x00000000a6800000, 0x00000000a6800000| Untracked 
|  85|0x00000000a6900000, 0x00000000a6900000, 0x00000000a6a00000|  0%| F|  |TAMS 0x00000000a6900000, 0x00000000a6900000| Untracked 
|  86|0x00000000a6a00000, 0x00000000a6a00000, 0x00000000a6b00000|  0%| F|  |TAMS 0x00000000a6a00000, 0x00000000a6a00000| Untracked 
|  87|0x00000000a6b00000, 0x00000000a6b00000, 0x00000000a6c00000|  0%| F|  |TAMS 0x00000000a6b00000, 0x00000000a6b00000| Untracked 
|  88|0x00000000a6c00000, 0x00000000a6c00000, 0x00000000a6d00000|  0%| F|  |TAMS 0x00000000a6c00000, 0x00000000a6c00000| Untracked 
|  89|0x00000000a6d00000, 0x00000000a6d00000, 0x00000000a6e00000|  0%| F|  |TAMS 0x00000000a6d00000, 0x00000000a6d00000| Untracked 
|  90|0x00000000a6e00000, 0x00000000a6e00000, 0x00000000a6f00000|  0%| F|  |TAMS 0x00000000a6e00000, 0x00000000a6e00000| Untracked 
|  91|0x00000000a6f00000, 0x00000000a6fcfd48, 0x00000000a7000000| 81%| E|  |TAMS 0x00000000a6f00000, 0x00000000a6f00000| Complete 
|  92|0x00000000a7000000, 0x00000000a7100000, 0x00000000a7100000|100%| E|CS|TAMS 0x00000000a7000000, 0x00000000a7000000| Complete 
|  93|0x00000000a7100000, 0x00000000a7200000, 0x00000000a7200000|100%| E|CS|TAMS 0x00000000a7100000, 0x00000000a7100000| Complete 
|  94|0x00000000a7200000, 0x00000000a7300000, 0x00000000a7300000|100%| E|CS|TAMS 0x00000000a7200000, 0x00000000a7200000| Complete 
|  95|0x00000000a7300000, 0x00000000a7400000, 0x00000000a7400000|100%| E|CS|TAMS 0x00000000a7300000, 0x00000000a7300000| Complete 

Card table byte_map: [0x0000020bf4910000,0x0000020bf4c10000] _byte_map_base: 0x0000020bf4406000

Marking Bits (Prev, Next): (CMBitMap*) 0x0000020bdc108e90, (CMBitMap*) 0x0000020bdc108ed0
 Prev Bits: [0x0000020bf4f10000, 0x0000020bf66c0000)
 Next Bits: [0x0000020bf66c0000, 0x0000020bf7e70000)

Polling page: 0x0000020bdc180000

Metaspace:

Usage:
  Non-class:      5.07 MB used.
      Class:    508.84 KB used.
       Both:      5.57 MB used.

Virtual space:
  Non-class space:        8.00 MB reserved,       5.12 MB ( 64%) committed,  1 nodes.
      Class space:        1.00 GB reserved,     576.00 KB ( <1%) committed,  1 nodes.
              Both:        1.01 GB reserved,       5.69 MB ( <1%) committed. 

Chunk freelists:
   Non-Class:  2.42 MB
       Class:  3.47 MB
        Both:  5.89 MB

MaxMetaspaceSize: 17179869184.00 GB
CompressedClassSpaceSize: 1.00 GB
 - commit_granule_bytes: 65536.
 - commit_granule_words: 8192.
 - virtual_space_node_default_size: 1048576.
 - enlarge_chunks_in_place: 1.
 - new_chunks_are_fully_committed: 0.
 - uncommit_free_chunks: 1.
 - use_allocation_guard: 0.
 - handle_deallocations: 1.


Internal statistics:

num_allocs_failed_limit: 0.
num_arena_births: 4.
num_arena_deaths: 0.
num_vsnodes_births: 2.
num_vsnodes_deaths: 0.
num_space_committed: 91.
num_space_uncommitted: 0.
num_chunks_returned_to_freelist: 0.
num_chunks_taken_from_freelist: 34.
num_chunk_merges: 0.
num_chunk_splits: 23.
num_chunks_enlarged: 21.
num_purges: 0.

CodeHeap 'non-profiled nmethods': size=120000Kb used=78Kb max_used=78Kb free=119921Kb
 bounds [0x0000020becab0000, 0x0000020becd20000, 0x0000020bf3fe0000]
CodeHeap 'profiled nmethods': size=120000Kb used=442Kb max_used=442Kb free=119557Kb
 bounds [0x0000020be5580000, 0x0000020be57f0000, 0x0000020becab0000]
CodeHeap 'non-nmethods': size=5760Kb used=1059Kb max_used=1070Kb free=4700Kb
 bounds [0x0000020be4fe0000, 0x0000020be5250000, 0x0000020be5580000]
 total_blobs=603 nmethods=289 adapters=227
 compilation: enabled
              stopped_count=0, restarted_count=0
 full_count=0

Compilation events (20 events):
Event: 0.440 Thread 0x0000020b80920360  280       3       java.io.File::isInvalid (48 bytes)
Event: 0.440 Thread 0x0000020b80920360 nmethod 280 0x0000020be55e8590 code [0x0000020be55e8780, 0x0000020be55e8c78]
Event: 0.440 Thread 0x0000020b80920360  281       3       java.io.RandomAccessFile::readFully (45 bytes)
Event: 0.440 Thread 0x0000020b80920360 nmethod 281 0x0000020be55e8e10 code [0x0000020be55e8fe0, 0x0000020be55e9358]
Event: 0.442 Thread 0x0000020b80920360  282       3       java.util.jar.Manifest$FastInputStream::readLine (9 bytes)
Event: 0.442 Thread 0x0000020b80920360 nmethod 282 0x0000020be55e9510 code [0x0000020be55e96c0, 0x0000020be55e9828]
Event: 0.446 Thread 0x0000020b80920360  283       3       java.util.zip.ZipUtils::CENSIZ (9 bytes)
Event: 0.446 Thread 0x0000020b80920360 nmethod 283 0x0000020be55e9910 code [0x0000020be55e9ac0, 0x0000020be55e9d98]
Event: 0.448 Thread 0x0000020b80920360  284       3       java.io.WinNTFileSystem::prefixLength (91 bytes)
Event: 0.450 Thread 0x0000020b80920360 nmethod 284 0x0000020be55e9f10 code [0x0000020be55ea240, 0x0000020be55eb5b8]
Event: 0.450 Thread 0x0000020b80920360  285   !   3       jdk.internal.loader.BuiltinClassLoader::loadClassOrNull (143 bytes)
Event: 0.451 Thread 0x0000020b80920360 nmethod 285 0x0000020be55ebc90 code [0x0000020be55ebfc0, 0x0000020be55ed4d8]
Event: 0.451 Thread 0x0000020b80920360  286       3       java.lang.ClassLoader::getClassLoadingLock (35 bytes)
Event: 0.451 Thread 0x0000020b80920360 nmethod 286 0x0000020be55edd10 code [0x0000020be55edee0, 0x0000020be55ee1c8]
Event: 0.452 Thread 0x0000020b80920360  287       3       java.lang.String::indexOf (18 bytes)
Event: 0.452 Thread 0x0000020b80920360 nmethod 287 0x0000020be55ee310 code [0x0000020be55ee4e0, 0x0000020be55ee7a8]
Event: 0.452 Thread 0x0000020b80920360  288       1       java.net.URLStreamHandler::getDefaultPort (2 bytes)
Event: 0.452 Thread 0x0000020b80920360 nmethod 288 0x0000020becac3590 code [0x0000020becac3720, 0x0000020becac37f8]
Event: 0.452 Thread 0x0000020b80920360  289       1       java.lang.Class::getModule (5 bytes)
Event: 0.452 Thread 0x0000020b80920360 nmethod 289 0x0000020becac3890 code [0x0000020becac3a20, 0x0000020becac3af8]

GC Heap History (0 events):
No events

Deoptimization events (12 events):
Event: 0.222 Thread 0x0000020bdc0d28f0 Uncommon trap: trap_request=0xffffff45 fr.pc=0x0000020becab1394 relative=0x0000000000000074
Event: 0.222 Thread 0x0000020bdc0d28f0 Uncommon trap: reason=unstable_if action=reinterpret pc=0x0000020becab1394 method=java.lang.String.isLatin1()Z @ 10 c2
Event: 0.222 Thread 0x0000020bdc0d28f0 DEOPT PACKING pc=0x0000020becab1394 sp=0x00000022708ff0b0
Event: 0.222 Thread 0x0000020bdc0d28f0 DEOPT UNPACKING pc=0x0000020be502d72e sp=0x00000022708feff0 mode 2
Event: 0.286 Thread 0x0000020bdc0d28f0 DEOPT PACKING pc=0x0000020be559e3ec sp=0x00000022708fa8f0
Event: 0.286 Thread 0x0000020bdc0d28f0 DEOPT UNPACKING pc=0x0000020be502dece sp=0x00000022708f9d90 mode 0
Event: 0.288 Thread 0x0000020bdc0d28f0 DEOPT PACKING pc=0x0000020be559db46 sp=0x00000022708fa880
Event: 0.288 Thread 0x0000020bdc0d28f0 DEOPT UNPACKING pc=0x0000020be502dece sp=0x00000022708f9da0 mode 0
Event: 0.351 Thread 0x0000020bdc0d28f0 DEOPT PACKING pc=0x0000020be559b467 sp=0x00000022708f9600
Event: 0.351 Thread 0x0000020bdc0d28f0 DEOPT UNPACKING pc=0x0000020be502dece sp=0x00000022708f8a20 mode 0
Event: 0.371 Thread 0x0000020bdc0d28f0 DEOPT PACKING pc=0x0000020be5587cd1 sp=0x00000022708fb2f0
Event: 0.371 Thread 0x0000020bdc0d28f0 DEOPT UNPACKING pc=0x0000020be502dece sp=0x00000022708fa768 mode 0

Classes unloaded (0 events):
No events

Classes redefined (0 events):
No events

Internal exceptions (0 events):
No events

Events (20 events):
Event: 0.456 loading class sun/reflect/generics/visitor/TypeTreeVisitor done
Event: 0.456 loading class sun/reflect/generics/visitor/Reifier done
Event: 0.456 loading class java/util/ArrayList$Itr
Event: 0.457 loading class java/util/ArrayList$Itr done
Event: 0.457 loading class java/lang/reflect/GenericArrayType
Event: 0.457 loading class java/lang/reflect/GenericArrayType done
Event: 0.457 loading class sun/reflect/annotation/AnnotationType
Event: 0.457 loading class sun/reflect/annotation/AnnotationType done
Event: 0.457 loading class sun/reflect/annotation/AnnotationType$1
Event: 0.457 loading class sun/reflect/annotation/AnnotationType$1 done
Event: 0.458 loading class java/lang/annotation/Retention
Event: 0.458 loading class java/lang/annotation/Retention done
Event: 0.458 loading class java/lang/annotation/Inherited
Event: 0.458 loading class java/lang/annotation/Inherited done
Event: 0.458 loading class java/lang/annotation/RetentionPolicy
Event: 0.458 loading class java/lang/annotation/RetentionPolicy done
Event: 0.458 loading class java/lang/Class$3
Event: 0.458 loading class java/lang/Class$3 done
Event: 0.458 loading class jdk/internal/reflect/NativeMethodAccessorImpl
Event: 0.459 loading class jdk/internal/reflect/NativeMethodAccessorImpl done


Dynamic libraries:
0x00007ff775da0000 - 0x00007ff775db0000 	C:\Program Files\Java\jdk-16\bin\javaw.exe
0x00007ff9957b0000 - 0x00007ff9959a5000 	C:\Windows\SYSTEM32\ntdll.dll
0x00007ff993e60000 - 0x00007ff993f1d000 	C:\Windows\System32\KERNEL32.dll
0x00007ff992c90000 - 0x00007ff992da9000 	C:\Windows\system32\hmpalert.dll
0x00007ff9930a0000 - 0x00007ff993368000 	C:\Windows\System32\KERNELBASE.dll
0x00007ff9935e0000 - 0x00007ff9936e0000 	C:\Windows\System32\ucrtbase.dll
0x00007ff98dff0000 - 0x00007ff98e008000 	C:\Program Files\Java\jdk-16\bin\jli.dll
0x00007ff98d630000 - 0x00007ff98d649000 	C:\Program Files\Java\jdk-16\bin\VCRUNTIME140.dll
0x00007ff9947f0000 - 0x00007ff99489c000 	C:\Windows\System32\ADVAPI32.dll
0x00007ff993900000 - 0x00007ff99399e000 	C:\Windows\System32\msvcrt.dll
0x00007ff995620000 - 0x00007ff9956bb000 	C:\Windows\System32\sechost.dll
0x00007ff9948b0000 - 0x00007ff9949db000 	C:\Windows\System32\RPCRT4.dll
0x00007ff994b70000 - 0x00007ff994d10000 	C:\Windows\System32\USER32.dll
0x00007ff993790000 - 0x00007ff9937b2000 	C:\Windows\System32\win32u.dll
0x00007ff994050000 - 0x00007ff99407a000 	C:\Windows\System32\GDI32.dll
0x00007ff992ef0000 - 0x00007ff992ffb000 	C:\Windows\System32\gdi32full.dll
0x00007ff993000000 - 0x00007ff99309d000 	C:\Windows\System32\msvcp_win.dll
0x00007ff97dab0000 - 0x00007ff97dd4a000 	C:\Windows\WinSxS\amd64_microsoft.windows.common-controls_6595b64144ccf1df_6.0.19041.1052_none_60b8f8fd71f5e8cb\COMCTL32.dll
0x00007ff98d740000 - 0x00007ff98d74a000 	C:\Windows\SYSTEM32\VERSION.dll
0x00007ff9947c0000 - 0x00007ff9947f0000 	C:\Windows\System32\IMM32.DLL
0x00007ff98f5f0000 - 0x00007ff98f5fc000 	C:\Program Files\Java\jdk-16\bin\vcruntime140_1.dll
0x00007ff98c6c0000 - 0x00007ff98c751000 	C:\Program Files\Java\jdk-16\bin\msvcp140.dll
0x00007ff9505d0000 - 0x00007ff95117b000 	C:\Program Files\Java\jdk-16\bin\server\jvm.dll
0x00007ff994af0000 - 0x00007ff994af8000 	C:\Windows\System32\PSAPI.DLL
0x00007ff987a50000 - 0x00007ff987a77000 	C:\Windows\SYSTEM32\WINMM.dll
0x00007ff978aa0000 - 0x00007ff978aa9000 	C:\Windows\SYSTEM32\WSOCK32.dll
0x00007ff994b00000 - 0x00007ff994b6b000 	C:\Windows\System32\WS2_32.dll
0x00007ff990d20000 - 0x00007ff990d32000 	C:\Windows\SYSTEM32\kernel.appcore.dll
0x00007ff98ee20000 - 0x00007ff98ee2a000 	C:\Program Files\Java\jdk-16\bin\jimage.dll
0x00007ff97cc20000 - 0x00007ff97ce04000 	C:\Windows\SYSTEM32\DBGHELP.DLL
0x00007ff977e10000 - 0x00007ff977e3c000 	C:\Windows\SYSTEM32\dbgcore.DLL
0x00007ff993370000 - 0x00007ff9933f3000 	C:\Windows\System32\bcryptPrimitives.dll
0x00007ff98d400000 - 0x00007ff98d425000 	C:\Program Files\Java\jdk-16\bin\java.dll
0x00007ff994080000 - 0x00007ff9947bf000 	C:\Windows\System32\SHELL32.dll
0x00007ff990f20000 - 0x00007ff9916b0000 	C:\Windows\SYSTEM32\windows.storage.dll
0x00007ff994d20000 - 0x00007ff995075000 	C:\Windows\System32\combase.dll
0x00007ff992770000 - 0x00007ff99279c000 	C:\Windows\SYSTEM32\Wldp.dll
0x00007ff9956c0000 - 0x00007ff99576e000 	C:\Windows\System32\SHCORE.dll
0x00007ff9955c0000 - 0x00007ff995615000 	C:\Windows\System32\shlwapi.dll
0x00007ff992e30000 - 0x00007ff992e4f000 	C:\Windows\SYSTEM32\profapi.dll
0x00007ff98dfe0000 - 0x00007ff98dff0000 	C:\Program Files\Java\jdk-16\bin\verify.dll
0x00007ff98c6a0000 - 0x00007ff98c6b9000 	C:\Program Files\Java\jdk-16\bin\net.dll
0x00007ff97d560000 - 0x00007ff97d66b000 	C:\Windows\SYSTEM32\WINHTTP.dll
0x00007ff9924e0000 - 0x00007ff99254a000 	C:\Windows\system32\mswsock.dll
0x00007ff98c680000 - 0x00007ff98c693000 	C:\Program Files\Java\jdk-16\bin\nio.dll
0x00007ff98c660000 - 0x00007ff98c678000 	C:\Program Files\Java\jdk-16\bin\zip.dll

dbghelp: loaded successfully - version: 4.0.5 - missing functions: none
symbol engine: initialized successfully - sym options: 0x614 - pdb path: .;C:\Program Files\Java\jdk-16\bin;C:\Windows\SYSTEM32;C:\Windows\WinSxS\amd64_microsoft.windows.common-controls_6595b64144ccf1df_6.0.19041.1052_none_60b8f8fd71f5e8cb;C:\Program Files\Java\jdk-16\bin\server

VM Arguments:
jvm_args: -Dfile.encoding=Cp1252 -XX:+ShowCodeDetailsInExceptionMessages 
java_command: MainElasticJava
java_class_path (initial): C:\Users\praveen.vishwakarma_\eclipse-workspace\ElasticSearchTask\target\classes;C:\Users\praveen.vishwakarma_\.m2\repository\org\elasticsearch\client\elasticsearch-rest-high-level-client\7.9.2\elasticsearch-rest-high-level-client-7.9.2.jar;C:\Users\praveen.vishwakarma_\.m2\repository\org\elasticsearch\plugin\mapper-extras-client\7.9.2\mapper-extras-client-7.9.2.jar;C:\Users\praveen.vishwakarma_\.m2\repository\org\elasticsearch\plugin\parent-join-client\7.9.2\parent-join-client-7.9.2.jar;C:\Users\praveen.vishwakarma_\.m2\repository\org\elasticsearch\plugin\aggs-matrix-stats-client\7.9.2\aggs-matrix-stats-client-7.9.2.jar;C:\Users\praveen.vishwakarma_\.m2\repository\org\elasticsearch\plugin\rank-eval-client\7.9.2\rank-eval-client-7.9.2.jar;C:\Users\praveen.vishwakarma_\.m2\repository\org\elasticsearch\plugin\lang-mustache-client\7.9.2\lang-mustache-client-7.9.2.jar;C:\Users\praveen.vishwakarma_\.m2\repository\com\github\spullara\mustache\java\compiler\0.9.6\compiler-0.9.6.jar;C:\Users\praveen.vishwakarma_\.m2\repository\org\elasticsearch\client\elasticsearch-rest-client\7.9.2\elasticsearch-rest-client-7.9.2.jar;C:\Users\praveen.vishwakarma_\.m2\repository\org\apache\httpcomponents\httpclient\4.5.10\httpclient-4.5.10.jar;C:\Users\praveen.vishwakarma_\.m2\repository\org\apache\httpcomponents\httpcore\4.4.12\httpcore-4.4.12.jar;C:\Users\praveen.vishwakarma_\.m2\repository\org\apache\httpcomponents\httpasyncclient\4.1.4\httpasyncclient-4.1.4.jar;C:\Users\praveen.vishwakarma_\.m2\repository\org\apache\httpcomponents\httpcore-nio\4.4.12\httpcore-nio-4.4.12.jar;C:\Users\praveen.vishwakarma_\.m2\repository\commons-codec\commons-codec\1.11\commons-codec-1.11.jar;C:\Users\praveen.vishwakarma_\.m2\repository\commons-logging\commons-logging\1.1.3\commons-logging-1.1.3.jar;C:\Users\praveen.vishwakarma_\.m2\repository\org\elasticsearch\elasticsearch\7.13.2\elasticsearch-7.13.2.jar;C:\Users\praveen.vishwakarma_\.m2\repository\org\elasticsearch\elasticse
Launcher Type: SUN_STANDARD

[Global flags]
     intx CICompilerCount                          = 3                                         {product} {ergonomic}
     uint ConcGCThreads                            = 1                                         {product} {ergonomic}
     uint G1ConcRefinementThreads                  = 4                                         {product} {ergonomic}
   size_t G1HeapRegionSize                         = 1048576                                   {product} {ergonomic}
    uintx GCDrainStackTargetSize                   = 64                                        {product} {ergonomic}
   size_t InitialHeapSize                          = 100663296                                 {product} {ergonomic}
   size_t MarkStackSize                            = 4194304                                   {product} {ergonomic}
   size_t MaxHeapSize                              = 1589641216                                {product} {ergonomic}
   size_t MaxNewSize                               = 953155584                                 {product} {ergonomic}
   size_t MinHeapDeltaBytes                        = 1048576                                   {product} {ergonomic}
   size_t MinHeapSize                              = 8388608                                   {product} {ergonomic}
    uintx NonNMethodCodeHeapSize                   = 5832780                                {pd product} {ergonomic}
    uintx NonProfiledCodeHeapSize                  = 122912730                              {pd product} {ergonomic}
    uintx ProfiledCodeHeapSize                     = 122912730                              {pd product} {ergonomic}
    uintx ReservedCodeCacheSize                    = 251658240                              {pd product} {ergonomic}
     bool SegmentedCodeCache                       = true                                      {product} {ergonomic}
     bool ShowCodeDetailsInExceptionMessages       = true                                   {manageable} {command line}
   size_t SoftMaxHeapSize                          = 1589641216                             {manageable} {ergonomic}
     bool UseCompressedClassPointers               = true                           {product lp64_product} {ergonomic}
     bool UseCompressedOops                        = true                           {product lp64_product} {ergonomic}
     bool UseG1GC                                  = true                                      {product} {ergonomic}
     bool UseLargePagesIndividualAllocation        = false                                  {pd product} {ergonomic}

Logging:
Log output configuration:
 #0: stdout all=warning uptime,level,tags
 #1: stderr all=off uptime,level,tags

Environment Variables:
PATH=C:\Program Files\Common Files\Oracle\Java\javapath;C:\Program Files (x86)\Common Files\Oracle\Java\javapath;C:\Windows\system32;C:\Windows;C:\Windows\System32\Wbem;C:\Windows\System32\WindowsPowerShell\v1.0\;C:\Windows\System32\OpenSSH\;C:\Program Files\Git\cmd;C:\Users\praveen.vishwakarma_\AppData\Local\Microsoft\WindowsApps;C:\Program Files\Java\jdk-16;C:\Users\praveen.vishwakarma_\Downloads\apache-maven\apache-maven-3.8.1\bin;
USERNAME=praveen.vishwakarma_
OS=Windows_NT
PROCESSOR_IDENTIFIER=AMD64 Family 23 Model 24 Stepping 1, AuthenticAMD



---------------  S Y S T E M  ---------------

OS:
 Windows 10 , 64 bit Build 19041 (10.0.19041.1023)
OS uptime: 1 days 16:10 hours

CPU: total 4 (initial active 4) (4 cores per cpu, 1 threads per core) family 23 model 24 stepping 1 microcode 0x0, cx8, cmov, fxsr, mmx, 3dnowpref, sse, sse2, sse3, ssse3, sse4a, sse4.1, sse4.2, popcnt, lzcnt, tsc, tscinvbit, avx, avx2, aes, clmul, bmi1, bmi2, adx, sha, fma, vzeroupper, clflush, clflushopt

Memory: 4k page, system-wide physical 6058M (302M free)
TotalPageFile size 19160M (AvailPageFile size 0M)
current process WorkingSet (physical memory assigned to process): 36M, peak: 36M
current process commit charge ("private bytes"): 165M, peak: 165M

vm_info: Java HotSpot(TM) 64-Bit Server VM (16+36-2231) for windows-amd64 JRE (16+36-2231), built on Feb  8 2021 11:43:10 by "mach5one" with MS VC++ 16.7 (VS2019)

END.
